2021-02-12 19:32:38 DEBUG TestBase:43 - Launching the browser and application
2021-02-12 19:32:38 INFO  TestBase:26 - Create Object for Properties 
2021-02-12 19:32:38 DEBUG TestBase:28 - Read the Properties File
2021-02-12 19:32:38 INFO  TestBase:32 - Log All Properties
2021-02-12 19:32:42 DEBUG TestBase:58 - Maximum the window
2021-02-12 19:32:43 DEBUG TestBase:60 - Add implicit wait
2021-02-12 19:32:43 DEBUG TestBase:62 - Create object for the WebDriverWait explicitwait command
2021-02-12 19:32:43 DEBUG TestBase:64 - Launch the application URL
2021-02-12 19:32:43 INFO  TestBase:26 - Create Object for Properties 
2021-02-12 19:32:43 DEBUG TestBase:28 - Read the Properties File
2021-02-12 19:32:43 INFO  TestBase:32 - Log All Properties
2021-02-12 19:32:44 DEBUG SearchResultsPage:36 - Pages initilization..
2021-02-12 19:32:44 DEBUG SearchResultsPage:40 - calling title verification
2021-02-12 19:32:44 DEBUG LinkedinHomePage:47 - wait for the linkedin home page title
2021-02-12 19:32:44 DEBUG LinkedinHomePage:52 - wait for the linkedin logo
2021-02-12 19:32:45 DEBUG LinkedinHomePage:57 - click on sign in link in homepage
2021-02-12 19:32:46 DEBUG LinkedinHomePage:66 - wait for the signin Header Text
2021-02-12 19:32:47 INFO  TestBase:26 - Create Object for Properties 
2021-02-12 19:32:47 DEBUG TestBase:28 - Read the Properties File
2021-02-12 19:32:47 INFO  TestBase:32 - Log All Properties
2021-02-12 19:32:47 INFO  TestBase:26 - Create Object for Properties 
2021-02-12 19:32:47 DEBUG TestBase:28 - Read the Properties File
2021-02-12 19:32:47 INFO  TestBase:32 - Log All Properties
2021-02-12 19:32:47 DEBUG LinkedinHomePage:80 - Start login process...
2021-02-12 19:32:47 DEBUG LinkedinHomePage:71 - click on sign Button in signin process page
2021-02-12 19:32:54 DEBUG ExcelUtils:28 - Specify the path of file :C:\Users\jayaj\eclipse-workspace\HybridFrameworkFeb2021\src\test\java\com\qa\linkedin\data\searchData.xlsx
2021-02-12 19:32:54 DEBUG ExcelUtils:31 - read the file
2021-02-12 19:32:54 DEBUG ExcelUtils:33 - Load workbook
2021-02-12 19:32:56 DEBUG ExcelUtils:38 - fetch the row count
2021-02-12 19:32:56 DEBUG ExcelUtils:40 - number of rows in the excel sheet is-->6
2021-02-12 19:32:56 DEBUG ExcelUtils:42 - number of columns in the excel sheet is -->1
2021-02-12 19:32:56 DEBUG SearchResultsPage:58 - Started executing the search test for people: Jaya
2021-02-12 19:32:56 DEBUG LinkedinHomePage:45 - Perform the people search
2021-02-12 19:32:58 DEBUG LinkedinHomePage:48 - Press the enter key to submit the search form
2021-02-12 19:32:59 DEBUG SearchResultsPage:32 - Wait for search results page title
2021-02-12 19:33:03 DEBUG SearchResultsPage:38 - Performing fetch results count for the given people
2021-02-12 19:33:04 DEBUG SearchResultsPage:46 - wait for the search results text
2021-02-12 19:33:06 DEBUG SearchResultsPage:48 - Get the search results text from webpage
2021-02-12 19:33:06 DEBUG SearchResultsPage:54 - Results count in string format= 641,000
2021-02-12 19:33:06 DEBUG SearchResultsPage:62 - Serch results count for Jayais: 641000
2021-02-12 19:33:06 DEBUG SearchResultsPage:63 - Click on HomeTab to go to loggedin page
2021-02-12 19:33:06 DEBUG SearchResultsPage:61 - click on home tab
2021-02-12 19:33:06 DEBUG SearchResultsPage:65 - ************iteration done*************
2021-02-12 19:33:06 DEBUG SearchResultsPage:58 - Started executing the search test for people: Jyotsna
2021-02-12 19:33:06 DEBUG LinkedinHomePage:45 - Perform the people search
2021-02-12 19:33:08 DEBUG LinkedinHomePage:48 - Press the enter key to submit the search form
2021-02-12 19:33:09 DEBUG SearchResultsPage:32 - Wait for search results page title
2021-02-12 19:33:09 DEBUG SearchResultsPage:38 - Performing fetch results count for the given people
2021-02-12 19:33:19 DEBUG SearchResultsPage:46 - wait for the search results text
2021-02-12 19:33:19 DEBUG SearchResultsPage:48 - Get the search results text from webpage
2021-02-12 19:33:19 DEBUG SearchResultsPage:54 - Results count in string format= 15,000
2021-02-12 19:33:19 DEBUG SearchResultsPage:62 - Serch results count for Jyotsnais: 15000
2021-02-12 19:33:19 DEBUG SearchResultsPage:63 - Click on HomeTab to go to loggedin page
2021-02-12 19:33:19 DEBUG SearchResultsPage:61 - click on home tab
2021-02-12 19:33:19 DEBUG SearchResultsPage:65 - ************iteration done*************
2021-02-12 19:33:19 DEBUG SearchResultsPage:58 - Started executing the search test for people: Satish
2021-02-12 19:33:19 DEBUG LinkedinHomePage:45 - Perform the people search
2021-02-12 19:33:22 DEBUG LinkedinHomePage:48 - Press the enter key to submit the search form
2021-02-12 19:33:22 DEBUG SearchResultsPage:32 - Wait for search results page title
2021-02-12 19:33:22 DEBUG SearchResultsPage:38 - Performing fetch results count for the given people
2021-02-12 19:33:32 DEBUG SearchResultsPage:46 - wait for the search results text
2021-02-12 19:33:32 DEBUG SearchResultsPage:48 - Get the search results text from webpage
2021-02-12 19:33:32 DEBUG SearchResultsPage:54 - Results count in string format= 239,000
2021-02-12 19:33:32 DEBUG SearchResultsPage:62 - Serch results count for Satishis: 239000
2021-02-12 19:33:32 DEBUG SearchResultsPage:63 - Click on HomeTab to go to loggedin page
2021-02-12 19:33:32 DEBUG SearchResultsPage:61 - click on home tab
2021-02-12 19:33:33 DEBUG SearchResultsPage:65 - ************iteration done*************
2021-02-12 19:33:33 DEBUG SearchResultsPage:58 - Started executing the search test for people: Balaji
2021-02-12 19:33:33 DEBUG LinkedinHomePage:45 - Perform the people search
2021-02-12 19:33:35 DEBUG LinkedinHomePage:48 - Press the enter key to submit the search form
2021-02-12 19:33:35 DEBUG SearchResultsPage:32 - Wait for search results page title
2021-02-12 19:33:35 DEBUG SearchResultsPage:38 - Performing fetch results count for the given people
2021-02-12 19:33:46 DEBUG SearchResultsPage:46 - wait for the search results text
2021-02-12 19:33:46 DEBUG SearchResultsPage:48 - Get the search results text from webpage
2021-02-12 19:33:46 DEBUG SearchResultsPage:54 - Results count in string format= 165,000
2021-02-12 19:33:46 DEBUG SearchResultsPage:62 - Serch results count for Balajiis: 165000
2021-02-12 19:33:46 DEBUG SearchResultsPage:63 - Click on HomeTab to go to loggedin page
2021-02-12 19:33:46 DEBUG SearchResultsPage:61 - click on home tab
2021-02-12 19:33:46 DEBUG SearchResultsPage:65 - ************iteration done*************
2021-02-12 19:33:46 DEBUG SearchResultsPage:58 - Started executing the search test for people: Priyanka
2021-02-12 19:33:46 DEBUG LinkedinHomePage:45 - Perform the people search
2021-02-12 19:33:48 DEBUG LinkedinHomePage:48 - Press the enter key to submit the search form
2021-02-12 19:33:48 DEBUG SearchResultsPage:32 - Wait for search results page title
2021-02-12 19:33:49 DEBUG SearchResultsPage:38 - Performing fetch results count for the given people
2021-02-12 19:33:59 DEBUG SearchResultsPage:46 - wait for the search results text
2021-02-12 19:33:59 DEBUG SearchResultsPage:48 - Get the search results text from webpage
2021-02-12 19:33:59 DEBUG SearchResultsPage:54 - Results count in string format= 235,000
2021-02-12 19:33:59 DEBUG SearchResultsPage:62 - Serch results count for Priyankais: 235000
2021-02-12 19:33:59 DEBUG SearchResultsPage:63 - Click on HomeTab to go to loggedin page
2021-02-12 19:33:59 DEBUG SearchResultsPage:61 - click on home tab
2021-02-12 19:33:59 DEBUG SearchResultsPage:65 - ************iteration done*************
2021-02-12 19:33:59 DEBUG SearchResultsPage:58 - Started executing the search test for people: Mahesh
2021-02-12 19:33:59 DEBUG LinkedinHomePage:45 - Perform the people search
2021-02-12 19:34:02 DEBUG LinkedinHomePage:48 - Press the enter key to submit the search form
2021-02-12 19:34:02 DEBUG SearchResultsPage:32 - Wait for search results page title
2021-02-12 19:34:02 DEBUG SearchResultsPage:38 - Performing fetch results count for the given people
2021-02-12 19:34:12 DEBUG SearchResultsPage:46 - wait for the search results text
2021-02-12 19:34:12 DEBUG SearchResultsPage:48 - Get the search results text from webpage
2021-02-12 19:34:12 DEBUG SearchResultsPage:54 - Results count in string format= 250,000
2021-02-12 19:34:12 DEBUG SearchResultsPage:62 - Serch results count for Maheshis: 250000
2021-02-12 19:34:12 DEBUG SearchResultsPage:63 - Click on HomeTab to go to loggedin page
2021-02-12 19:34:12 DEBUG SearchResultsPage:61 - click on home tab
2021-02-12 19:34:12 DEBUG SearchResultsPage:65 - ************iteration done*************
2021-02-12 19:34:12 DEBUG SearchResultsPage:51 - perform the logout operation from appliction
2021-02-12 19:34:12 DEBUG LinkedinHomePage:40 - Perform the logout operarion from the application
2021-02-12 19:34:13 DEBUG LinkedinHomePage:47 - wait for the linkedin home page title
2021-02-12 19:34:14 DEBUG cache:45 - Couldn't find template in cache for "v3html/v3-html-index.ftl"("en", UTF-8, parsed); will try to load it.
2021-02-12 19:34:14 DEBUG cache:45 - TemplateLoader.findTemplateSource("v3html/v3-html-index_en.ftl"): Not found
2021-02-12 19:34:14 DEBUG cache:45 - TemplateLoader.findTemplateSource("v3html/v3-html-index.ftl"): Found
2021-02-12 19:34:14 DEBUG cache:45 - Loading template for "v3html/v3-html-index.ftl"("en", UTF-8, parsed) from "jar:file:/C:/Users/jayaj/.m2/repository/com/aventstack/extentreports/4.0.9/extentreports-4.0.9.jar!/com/aventstack/extentreports/view/v3html/v3-html-index.ftl"
2021-02-12 19:34:14 DEBUG cache:45 - Couldn't find template in cache for "v3html/v3-html-head.ftl"("en", UTF-8, parsed); will try to load it.
2021-02-12 19:34:14 DEBUG cache:45 - TemplateLoader.findTemplateSource("v3html/v3-html-head_en.ftl"): Not found
2021-02-12 19:34:14 DEBUG cache:45 - TemplateLoader.findTemplateSource("v3html/v3-html-head.ftl"): Found
2021-02-12 19:34:14 DEBUG cache:45 - Loading template for "v3html/v3-html-head.ftl"("en", UTF-8, parsed) from "jar:file:/C:/Users/jayaj/.m2/repository/com/aventstack/extentreports/4.0.9/extentreports-4.0.9.jar!/com/aventstack/extentreports/view/v3html/v3-html-head.ftl"
2021-02-12 19:34:14 DEBUG cache:45 - Couldn't find template in cache for "v3html/v3-html-nav.ftl"("en", UTF-8, parsed); will try to load it.
2021-02-12 19:34:14 DEBUG cache:45 - TemplateLoader.findTemplateSource("v3html/v3-html-nav_en.ftl"): Not found
2021-02-12 19:34:14 DEBUG cache:45 - TemplateLoader.findTemplateSource("v3html/v3-html-nav.ftl"): Found
2021-02-12 19:34:14 DEBUG cache:45 - Loading template for "v3html/v3-html-nav.ftl"("en", UTF-8, parsed) from "jar:file:/C:/Users/jayaj/.m2/repository/com/aventstack/extentreports/4.0.9/extentreports-4.0.9.jar!/com/aventstack/extentreports/view/v3html/v3-html-nav.ftl"
2021-02-12 19:34:14 DEBUG cache:45 - Couldn't find template in cache for "v3html/test-view/v3-html-test-view.ftl"("en", UTF-8, parsed); will try to load it.
2021-02-12 19:34:14 DEBUG cache:45 - TemplateLoader.findTemplateSource("v3html/test-view/v3-html-test-view_en.ftl"): Not found
2021-02-12 19:34:14 DEBUG cache:45 - TemplateLoader.findTemplateSource("v3html/test-view/v3-html-test-view.ftl"): Found
2021-02-12 19:34:14 DEBUG cache:45 - Loading template for "v3html/test-view/v3-html-test-view.ftl"("en", UTF-8, parsed) from "jar:file:/C:/Users/jayaj/.m2/repository/com/aventstack/extentreports/4.0.9/extentreports-4.0.9.jar!/com/aventstack/extentreports/view/v3html/test-view/v3-html-test-view.ftl"
2021-02-12 19:34:14 DEBUG cache:45 - Couldn't find template in cache for "v3html/test-view/v3-html-test-view-charts.ftl"("en", UTF-8, parsed); will try to load it.
2021-02-12 19:34:14 DEBUG cache:45 - TemplateLoader.findTemplateSource("v3html/test-view/v3-html-test-view-charts_en.ftl"): Not found
2021-02-12 19:34:14 DEBUG cache:45 - TemplateLoader.findTemplateSource("v3html/test-view/v3-html-test-view-charts.ftl"): Found
2021-02-12 19:34:14 DEBUG cache:45 - Loading template for "v3html/test-view/v3-html-test-view-charts.ftl"("en", UTF-8, parsed) from "jar:file:/C:/Users/jayaj/.m2/repository/com/aventstack/extentreports/4.0.9/extentreports-4.0.9.jar!/com/aventstack/extentreports/view/v3html/test-view/v3-html-test-view-charts.ftl"
2021-02-12 19:34:14 DEBUG cache:45 - Couldn't find template in cache for "v3html/test-view/v3-html-standard.ftl"("en", UTF-8, parsed); will try to load it.
2021-02-12 19:34:14 DEBUG cache:45 - TemplateLoader.findTemplateSource("v3html/test-view/v3-html-standard_en.ftl"): Not found
2021-02-12 19:34:14 DEBUG cache:45 - TemplateLoader.findTemplateSource("v3html/test-view/v3-html-standard.ftl"): Found
2021-02-12 19:34:14 DEBUG cache:45 - Loading template for "v3html/test-view/v3-html-standard.ftl"("en", UTF-8, parsed) from "jar:file:/C:/Users/jayaj/.m2/repository/com/aventstack/extentreports/4.0.9/extentreports-4.0.9.jar!/com/aventstack/extentreports/view/v3html/test-view/v3-html-standard.ftl"
2021-02-12 19:34:14 DEBUG cache:45 - "v3html/test-view/v3-html-standard.ftl"("en", UTF-8, parsed) cached copy not yet stale; using cached.
2021-02-12 19:34:14 DEBUG cache:45 - "v3html/test-view/v3-html-standard.ftl"("en", UTF-8, parsed) cached copy not yet stale; using cached.
2021-02-12 19:34:14 DEBUG cache:45 - "v3html/test-view/v3-html-standard.ftl"("en", UTF-8, parsed) cached copy not yet stale; using cached.
2021-02-12 19:34:14 DEBUG cache:45 - "v3html/test-view/v3-html-standard.ftl"("en", UTF-8, parsed) cached copy not yet stale; using cached.
2021-02-12 19:34:14 DEBUG cache:45 - "v3html/test-view/v3-html-standard.ftl"("en", UTF-8, parsed) cached copy not yet stale; using cached.
2021-02-12 19:34:14 DEBUG cache:45 - Couldn't find template in cache for "v3html/category-view/v3-html-category-view.ftl"("en", UTF-8, parsed); will try to load it.
2021-02-12 19:34:14 DEBUG cache:45 - TemplateLoader.findTemplateSource("v3html/category-view/v3-html-category-view_en.ftl"): Not found
2021-02-12 19:34:14 DEBUG cache:45 - TemplateLoader.findTemplateSource("v3html/category-view/v3-html-category-view.ftl"): Found
2021-02-12 19:34:14 DEBUG cache:45 - Loading template for "v3html/category-view/v3-html-category-view.ftl"("en", UTF-8, parsed) from "jar:file:/C:/Users/jayaj/.m2/repository/com/aventstack/extentreports/4.0.9/extentreports-4.0.9.jar!/com/aventstack/extentreports/view/v3html/category-view/v3-html-category-view.ftl"
2021-02-12 19:34:14 DEBUG cache:45 - Couldn't find template in cache for "v3html/exception-view/v3-html-exception-view.ftl"("en", UTF-8, parsed); will try to load it.
2021-02-12 19:34:14 DEBUG cache:45 - TemplateLoader.findTemplateSource("v3html/exception-view/v3-html-exception-view_en.ftl"): Not found
2021-02-12 19:34:14 DEBUG cache:45 - TemplateLoader.findTemplateSource("v3html/exception-view/v3-html-exception-view.ftl"): Found
2021-02-12 19:34:14 DEBUG cache:45 - Loading template for "v3html/exception-view/v3-html-exception-view.ftl"("en", UTF-8, parsed) from "jar:file:/C:/Users/jayaj/.m2/repository/com/aventstack/extentreports/4.0.9/extentreports-4.0.9.jar!/com/aventstack/extentreports/view/v3html/exception-view/v3-html-exception-view.ftl"
2021-02-12 19:34:14 DEBUG cache:45 - Couldn't find template in cache for "v3html/author-view/v3-html-author-view.ftl"("en", UTF-8, parsed); will try to load it.
2021-02-12 19:34:14 DEBUG cache:45 - TemplateLoader.findTemplateSource("v3html/author-view/v3-html-author-view_en.ftl"): Not found
2021-02-12 19:34:14 DEBUG cache:45 - TemplateLoader.findTemplateSource("v3html/author-view/v3-html-author-view.ftl"): Found
2021-02-12 19:34:14 DEBUG cache:45 - Loading template for "v3html/author-view/v3-html-author-view.ftl"("en", UTF-8, parsed) from "jar:file:/C:/Users/jayaj/.m2/repository/com/aventstack/extentreports/4.0.9/extentreports-4.0.9.jar!/com/aventstack/extentreports/view/v3html/author-view/v3-html-author-view.ftl"
2021-02-12 19:34:14 DEBUG cache:45 - Couldn't find template in cache for "v3html/dashboard-view/v3-html-dashboard-view.ftl"("en", UTF-8, parsed); will try to load it.
2021-02-12 19:34:14 DEBUG cache:45 - TemplateLoader.findTemplateSource("v3html/dashboard-view/v3-html-dashboard-view_en.ftl"): Not found
2021-02-12 19:34:14 DEBUG cache:45 - TemplateLoader.findTemplateSource("v3html/dashboard-view/v3-html-dashboard-view.ftl"): Found
2021-02-12 19:34:14 DEBUG cache:45 - Loading template for "v3html/dashboard-view/v3-html-dashboard-view.ftl"("en", UTF-8, parsed) from "jar:file:/C:/Users/jayaj/.m2/repository/com/aventstack/extentreports/4.0.9/extentreports-4.0.9.jar!/com/aventstack/extentreports/view/v3html/dashboard-view/v3-html-dashboard-view.ftl"
2021-02-12 19:34:14 DEBUG cache:45 - Couldn't find template in cache for "v3html/logs-view/v3-html-testrunner-logs-view.ftl"("en", UTF-8, parsed); will try to load it.
2021-02-12 19:34:14 DEBUG cache:45 - TemplateLoader.findTemplateSource("v3html/logs-view/v3-html-testrunner-logs-view_en.ftl"): Not found
2021-02-12 19:34:14 DEBUG cache:45 - TemplateLoader.findTemplateSource("v3html/logs-view/v3-html-testrunner-logs-view.ftl"): Found
2021-02-12 19:34:14 DEBUG cache:45 - Loading template for "v3html/logs-view/v3-html-testrunner-logs-view.ftl"("en", UTF-8, parsed) from "jar:file:/C:/Users/jayaj/.m2/repository/com/aventstack/extentreports/4.0.9/extentreports-4.0.9.jar!/com/aventstack/extentreports/view/v3html/logs-view/v3-html-testrunner-logs-view.ftl"
2021-02-12 19:34:14 DEBUG TestBase:70 - Close the browser
